ERROR [com.zaxxer.hikari.pool.HikariPool] at com.mysql.cj.jdbc.exceptions.SQLError.createSQLException(SQLError.java:120): Unknown database 'starter-project'
WARN [org.hibernate.engine.jdbc.env.internal.JdbcEnvironmentInitiator] at com.mysql.cj.jdbc.exceptions.SQLError.createSQLException(SQLError.java:120): Unknown database 'starter-project'
ERROR [org.springframework.orm.jpa.LocalContainerEntityManagerFactoryBean] Failed to initialize JPA EntityManagerFactory: Unable to create requested service [org.hibernate.engine.jdbc.env.spi.JdbcEnvironment]
WARN [org.springframework.boot.web.servlet.context.AnnotationConfigServletWebServerApplicationContext] Exception encountered during context initialization - cancelling refresh attempt: org.springframework.beans.factory.BeanCreationException: Error creating bean with name 'entityManagerFactory' defined in class path resource [org/springframework/boot/autoconfigure/orm/jpa/HibernateJpaConfiguration.class]: Invocation of init method failed; nested exception is org.hibernate.service.spi.ServiceException: Unable to create requested service [org.hibernate.engine.jdbc.env.spi.JdbcEnvironment]
ERROR [org.springframework.boot.SpringApplication] at org.springframework.beans.factory.support.AbstractAutowireCapableBeanFactory.initializeBean(AbstractAutowireCapableBeanFactory.java:1788): Error creating bean with name 'entityManagerFactory' defined in class path resource [org/springframework/boot/autoconfigure/orm/jpa/HibernateJpaConfiguration.class]: Invocation of init method failed; nested exception is org.hibernate.service.spi.ServiceException: Unable to create requested service [org.hibernate.engine.jdbc.env.spi.JdbcEnvironment]
at org.hibernate.service.internal.AbstractServiceRegistryImpl.createService(AbstractServiceRegistryImpl.java:275): Unable to create requested service [org.hibernate.engine.jdbc.env.spi.JdbcEnvironment]
at org.hibernate.engine.jdbc.dialect.internal.DialectFactoryImpl.determineDialect(DialectFactoryImpl.java:100): Access to DialectResolutionInfo cannot be null when 'hibernate.dialect' not set
ERROR [org.springframework.orm.jpa.LocalContainerEntityManagerFactoryBean] Failed to initialize JPA EntityManagerFactory: [PersistenceUnit: default] Unable to build Hibernate SessionFactory; nested exception is org.hibernate.tool.schema.spi.SchemaManagementException: Schema-validation: missing table [administrator]
WARN [org.springframework.boot.web.servlet.context.AnnotationConfigServletWebServerApplicationContext] Exception encountered during context initialization - cancelling refresh attempt: org.springframework.beans.factory.BeanCreationException: Error creating bean with name 'entityManagerFactory' defined in class path resource [org/springframework/boot/autoconfigure/orm/jpa/HibernateJpaConfiguration.class]: Invocation of init method failed; nested exception is javax.persistence.PersistenceException: [PersistenceUnit: default] Unable to build Hibernate SessionFactory; nested exception is org.hibernate.tool.schema.spi.SchemaManagementException: Schema-validation: missing table [administrator]
ERROR [org.springframework.boot.SpringApplication] at org.springframework.beans.factory.support.AbstractAutowireCapableBeanFactory.initializeBean(AbstractAutowireCapableBeanFactory.java:1788): Error creating bean with name 'entityManagerFactory' defined in class path resource [org/springframework/boot/autoconfigure/orm/jpa/HibernateJpaConfiguration.class]: Invocation of init method failed; nested exception is javax.persistence.PersistenceException: [PersistenceUnit: default] Unable to build Hibernate SessionFactory; nested exception is org.hibernate.tool.schema.spi.SchemaManagementException: Schema-validation: missing table [administrator]
at org.springframework.orm.jpa.AbstractEntityManagerFactoryBean.buildNativeEntityManagerFactory(AbstractEntityManagerFactoryBean.java:421): [PersistenceUnit: default] Unable to build Hibernate SessionFactory; nested exception is org.hibernate.tool.schema.spi.SchemaManagementException: Schema-validation: missing table [administrator]
at org.hibernate.tool.schema.internal.AbstractSchemaValidator.validateTable(AbstractSchemaValidator.java:121): Schema-validation: missing table [administrator]
INFO [acme.Launcher] Starting Launcher using Java 11.0.5 on DESKTOP-PBOQBAP with PID 28464 (E:\Documentos\CURSOS\3ยบ SOFTWARE 2020-2021\DP2\Workspace-21.1\Starters\Starter-Project\target\classes started by Nico in E:\Documentos\CURSOS\3ยบ SOFTWARE 2020-2021\DP2\Workspace-21.1\Starters\Starter-Project)
INFO [acme.Launcher] The following profiles are active: development,populator
INFO [acme.Launcher] Started Launcher in 2.82 seconds (JVM running for 3.413)
INFO [acme.framework.utilities.DatabasePopulator] Populating initial data
INFO [acme.framework.utilities.DatabasePopulator] Recreating schema
INFO [acme.framework.utilities.DatabasePopulator] Populating entities from classpath:/WEB-INF/population/initial-data.xml
INFO [acme.framework.utilities.DatabasePopulator] Validating your entities.
INFO [acme.framework.utilities.DatabasePopulator] Validating anonymousUserAccount ... PASS
INFO [acme.framework.utilities.DatabasePopulator] Validating anonymousAnonymous ... PASS
INFO [acme.framework.utilities.DatabasePopulator] Validating administratorUserAccount ... PASS
INFO [acme.framework.utilities.DatabasePopulator] Validating administratorAdministrator ... PASS
INFO [acme.framework.utilities.DatabasePopulator] Validating administratorAuthenticated ... PASS
INFO [acme.framework.utilities.DatabasePopulator] Sorting your entities topologically.
INFO [acme.framework.utilities.DatabasePopulator] > Setting index 0 for anonymousUserAccount.
INFO [acme.framework.utilities.DatabasePopulator] > Setting index 1 for anonymousAnonymous.
INFO [acme.framework.utilities.DatabasePopulator] > Setting index 2 for administratorUserAccount.
INFO [acme.framework.utilities.DatabasePopulator] > Setting index 3 for administratorAdministrator.
INFO [acme.framework.utilities.DatabasePopulator] > Setting index 4 for administratorAuthenticated.
INFO [acme.framework.utilities.DatabasePopulator] Persiting your entities.
INFO [acme.framework.utilities.DatabasePopulator] > Persisting anonymousUserAccount = acme.framework.entities.UserAccount{id=1, version=0}
INFO [acme.framework.utilities.DatabasePopulator] > Persisting anonymousAnonymous = acme.framework.entities.Anonymous{id=2, version=0}
INFO [acme.framework.utilities.DatabasePopulator] > Persisting administratorUserAccount = acme.framework.entities.UserAccount{id=3, version=0}
INFO [acme.framework.utilities.DatabasePopulator] > Persisting administratorAdministrator = acme.framework.entities.Administrator{id=4, version=0}
INFO [acme.framework.utilities.DatabasePopulator] > Persisting administratorAuthenticated = acme.framework.entities.Authenticated{id=5, version=0}
INFO [acme.framework.configuration.ShutdownConfiguration] The system is shutting down...
WARN [org.hibernate.orm.connections.pooling] HHH10001002: Using Hibernate built-in connection pool (not for production use!)
INFO [acme.Launcher] Starting Launcher using Java 1.8.0_281 on DESKTOP-605N627 with PID 13120 (D:\GIT\DP2-Project\target\classes started by Administrador in D:\GIT\DP2-Project)
INFO [acme.Launcher] The following profiles are active: development,populator
INFO [acme.Launcher] Started Launcher in 8.922 seconds (JVM running for 10.033)
INFO [acme.framework.utilities.DatabasePopulator] Populating sample data
INFO [acme.framework.utilities.DatabasePopulator] Recreating schema
INFO [acme.framework.utilities.DatabasePopulator] Populating entities from classpath:/WEB-INF/population/initial-data.xml
INFO [acme.framework.utilities.DatabasePopulator] Validating your entities.
INFO [acme.framework.utilities.DatabasePopulator] Validating anonymousUserAccount ... PASS
INFO [acme.framework.utilities.DatabasePopulator] Validating anonymousAnonymous ... PASS
INFO [acme.framework.utilities.DatabasePopulator] Validating administratorUserAccount ... PASS
INFO [acme.framework.utilities.DatabasePopulator] Validating administratorAdministrator ... PASS
INFO [acme.framework.utilities.DatabasePopulator] Validating administratorAuthenticated ... PASS
INFO [acme.framework.utilities.DatabasePopulator] Sorting your entities topologically.
INFO [acme.framework.utilities.DatabasePopulator] > Setting index 0 for anonymousUserAccount.
INFO [acme.framework.utilities.DatabasePopulator] > Setting index 1 for anonymousAnonymous.
INFO [acme.framework.utilities.DatabasePopulator] > Setting index 2 for administratorUserAccount.
INFO [acme.framework.utilities.DatabasePopulator] > Setting index 3 for administratorAdministrator.
INFO [acme.framework.utilities.DatabasePopulator] > Setting index 4 for administratorAuthenticated.
INFO [acme.framework.utilities.DatabasePopulator] Persiting your entities.
INFO [acme.framework.utilities.DatabasePopulator] > Persisting anonymousUserAccount = acme.framework.entities.UserAccount{id=1, version=0}
INFO [acme.framework.utilities.DatabasePopulator] > Persisting anonymousAnonymous = acme.framework.entities.Anonymous{id=2, version=0}
INFO [acme.framework.utilities.DatabasePopulator] > Persisting administratorUserAccount = acme.framework.entities.UserAccount{id=3, version=0}
INFO [acme.framework.utilities.DatabasePopulator] > Persisting administratorAdministrator = acme.framework.entities.Administrator{id=4, version=0}
INFO [acme.framework.utilities.DatabasePopulator] > Persisting administratorAuthenticated = acme.framework.entities.Authenticated{id=5, version=0}
INFO [acme.framework.utilities.DatabasePopulator] Populating entities from classpath:/WEB-INF/population/sample-data.xml
INFO [acme.framework.utilities.DatabasePopulator] Validating your entities.
INFO [acme.framework.utilities.DatabasePopulator] Sorting your entities topologically.
INFO [acme.framework.utilities.DatabasePopulator] Persiting your entities.
INFO [acme.framework.configuration.ShutdownConfiguration] The system is shutting down...
INFO [acme.Launcher] Starting Launcher using Java 1.8.0_281 on DESKTOP-605N627 with PID 8916 (D:\GIT\DP2-Project\target\classes started by Administrador in D:\GIT\DP2-Project)
INFO [acme.Launcher] The following profiles are active: development,populator
INFO [acme.Launcher] Started Launcher in 5.587 seconds (JVM running for 6.111)
INFO [acme.framework.utilities.DatabasePopulator] Populating sample data
INFO [acme.framework.utilities.DatabasePopulator] Recreating schema
INFO [acme.framework.utilities.DatabasePopulator] Populating entities from classpath:/WEB-INF/population/initial-data.xml
INFO [acme.framework.utilities.DatabasePopulator] Validating your entities.
INFO [acme.framework.utilities.DatabasePopulator] Validating anonymousUserAccount ... PASS
INFO [acme.framework.utilities.DatabasePopulator] Validating anonymousAnonymous ... PASS
INFO [acme.framework.utilities.DatabasePopulator] Validating administratorUserAccount ... PASS
INFO [acme.framework.utilities.DatabasePopulator] Validating administratorAdministrator ... PASS
INFO [acme.framework.utilities.DatabasePopulator] Validating administratorAuthenticated ... PASS
INFO [acme.framework.utilities.DatabasePopulator] Sorting your entities topologically.
INFO [acme.framework.utilities.DatabasePopulator] > Setting index 0 for anonymousUserAccount.
INFO [acme.framework.utilities.DatabasePopulator] > Setting index 1 for anonymousAnonymous.
INFO [acme.framework.utilities.DatabasePopulator] > Setting index 2 for administratorUserAccount.
INFO [acme.framework.utilities.DatabasePopulator] > Setting index 3 for administratorAdministrator.
INFO [acme.framework.utilities.DatabasePopulator] > Setting index 4 for administratorAuthenticated.
INFO [acme.framework.utilities.DatabasePopulator] Persiting your entities.
INFO [acme.framework.utilities.DatabasePopulator] > Persisting anonymousUserAccount = acme.framework.entities.UserAccount{id=1, version=0}
INFO [acme.framework.utilities.DatabasePopulator] > Persisting anonymousAnonymous = acme.framework.entities.Anonymous{id=2, version=0}
INFO [acme.framework.utilities.DatabasePopulator] > Persisting administratorUserAccount = acme.framework.entities.UserAccount{id=3, version=0}
INFO [acme.framework.utilities.DatabasePopulator] > Persisting administratorAdministrator = acme.framework.entities.Administrator{id=4, version=0}
INFO [acme.framework.utilities.DatabasePopulator] > Persisting administratorAuthenticated = acme.framework.entities.Authenticated{id=5, version=0}
INFO [acme.framework.utilities.DatabasePopulator] Populating entities from classpath:/WEB-INF/population/sample-data.xml
INFO [acme.framework.utilities.DatabasePopulator] Validating your entities.
INFO [acme.framework.utilities.DatabasePopulator] Sorting your entities topologically.
INFO [acme.framework.utilities.DatabasePopulator] Persiting your entities.
INFO [acme.framework.configuration.ShutdownConfiguration] The system is shutting down...
